2021-07-11 19:52:14 - MOD: Modification Default

FILE: system/engine/action.php
REGEX: ~(require|include)(_once)?\(([^)]+)~
LINE: 69

FILE: system/engine/loader.php
REGEX: ~(require|include)(_once)?\(([^)]+)~
LINE: 77
LINE: 151
LINE: 168

FILE: system/library/config.php
REGEX: ~(require|include)(_once)?\(([^)]+)~
LINE: 59

FILE: system/library/language.php
REGEX: ~(require|include)(_once)?\(([^)]+)~
LINE: 67
LINE: 73

FILE: system/library/template/template.php
REGEX: ~(require|include)(_once)?\(([^)]+)~
LINE: 18

FILE: system/library/template/twig.php
CODE: if (is_file($file)) {
LINE: 13
----------------------------------------------------------------
MOD:   OptimBlog

FILE: admin/controller/startup/permission.php
CODE: $extension = array(
LINE: 20

FILE: admin/controller/catalog/category.php
CODE: $data['placeholder'] = $this->model_tool_image->resize('no_image.png', 100, 100);
LINE: 477
CODE: if (isset($this->request->post['category_seo_url'])) {
LINE: 520
CODE: 'filter_name' => $this->request->get['filter_name'],
LINE: 631
CODE: $url = '';
LINE: 31
LINE: 68
LINE: 107
LINE: 144
LINE: 188
LINE: 266
LINE: 286
LINE: 354
CODE: $data['sort_sort_order'] = $this->url->link('catalog/category', 'user_token=' . $this->session->data['user_token'] . '&sort=sort_order' . $url, true);
LINE: 300
CODE: $category_total = $this->model_catalog_category->getTotalCategories();
LINE: 227
CODE: protected function getList() {
LINE: 171
CODE: 'order' => $order,
LINE: 232
CODE: 'sort_order'  => $result['sort_order'],
LINE: 250
CODE: $data['order'] = $order;
LINE: 346
CODE: if (isset($this->request->get['category_id']) && $this->request->post['parent_id']) {
LINE: 656

FILE: admin/model/catalog/category.php
CODE: description = '" . $this->db->escape($value['description']) . "',
LINE: 12
LINE: 72
CODE: 'name'             => $result['name'],
LINE: 271
CODE: date_modified = NOW()
LINE: 3
LINE: 63
CODE: foreach ($data['category_description'] as $language_id => $value) {
LINE: 18
CODE: $this->db->query("DELETE FROM " . DB_PREFIX . "category_description WHERE category_id = '" . (int)$category_id . "'");
LINE: 85
CODE: $this->db->query("DELETE FROM " . DB_PREFIX . "category_description WHERE category_id = '" . (int)$category_id . "'");
LINE: 195
CODE: public function getCategorySeoUrls($category_id) {
LINE: 338
CODE: c1.sort_order
LINE: 237
CODE: $sql .= " GROUP BY cp.category_id";
LINE: 248
CODE: $sort_data = array(
LINE: 253
CODE: getTotalCategories()
LINE: 370
CODE: $query = $this->db->query("SELECT COUNT(*) AS total FROM " . DB_PREFIX . "category");
LINE: 371

FILE: admin/view/template/catalog/category_form.twig
CODE: <div class="form-group">
LINE: 66
CODE: <li><a href="#tab-seo" data-toggle="tab">{{ tab_seo }}</a></li>
LINE: 33
CODE: <div class="tab-pane" id="tab-seo">
LINE: 224
CODE: <label class="col-sm-2 control-label" for="input-status">{{ entry_status }}</label>
LINE: 193
CODE: catalog/category/autocomplete&user_token={{ user_token }}
LINE: 319
CODE: <script type="text/javascript"><!--
LINE: 388
CODE: {{ footer }}
LINE: 413

FILE: admin/view/template/catalog/category_list.twig
CODE: <div class="pull-right"><a href="{{ add }}" data-toggle="tooltip" title="{{ button_add }}" class="btn btn-primary"><i class="fa fa-plus"></i></a> <a href="{{ repair }}" data-toggle="tooltip" title="{{ button_rebuild }}" class="btn btn-default"><i class="fa fa-refresh"></i></a>
LINE: 4
CODE: <td class="text-left">{% if sort %}
NOT FOUND - OPERATION SKIPPED!
CODE: <td class="text-right">{% if sort == 'sort_order' %}
LINE: 70
CODE: <td class="text-right">{{ category.sort_order }}</td>
LINE: 91

FILE: admin/controller/catalog/information.php
CODE: if (isset($this->request->post['bottom'])) {
LINE: 387
CODE: if (isset($this->request->post['information_seo_url'])) {
LINE: 641
CODE: protected function validateForm() {
LINE: 719
CODE: protected function getList() {
LINE: 147
CODE: protected function getList() {
LINE: 166
CODE: $url = '';
LINE: 39
LINE: 84
LINE: 131
LINE: 179
LINE: 250
LINE: 334
LINE: 362
LINE: 438
CODE: $data['delete'] = $this->url->link('catalog/information/delete', 'user_token=' . $this->session->data['user_token'] . $url, true);
LINE: 280
CODE: 'start' => ($page - 1) * $this->config->get('config_limit_admin'),
LINE: 292
CODE: $information_total = $this->model_catalog_information->getTotalInformations();
LINE: 296
CODE: $data['informations'][] = array(
LINE: 314
CODE: $data['informations'][] = array(
LINE: 319
CODE: $data['sort_sort_order'] = $this->url->link('catalog/information', 'user_token=' . $this->session->data['user_token'] . '&sort=i.sort_order' . $url, true);
LINE: 377
CODE: $data['sort'] = $sort;
LINE: 417

FILE: admin/model/catalog/information.php
CODE: description = '" . $this->db->escape($value['description']) . "'
LINE: 8
LINE: 45
CODE: 'id.title',
LINE: 104
CODE: 'title'            => $result['title'],
LINE: 162
CODE: status = '" . (int)$data['status'] . "'
LINE: 3
CODE: status = '" . (int)$data['status'] . "'
LINE: 40
CODE: // SEO URL
LINE: 80
CODE: $this->db->query("DELETE FROM " . DB_PREFIX . "seo_url WHERE query = 'information_id=" . (int)$information_id . "'");
LINE: 193
CODE: " . DB_PREFIX . "information WHERE information_id = '" . (int)$information_id . "'
LINE: 227
CODE: public function deleteInformation($information_id) {
LINE: 243
CODE: $this->db->query("DELETE FROM `" . DB_PREFIX . "seo_url` WHERE query = 'information_id=" . (int)$information_id . "'");
LINE: 259
CODE: public function getTotalInformations() {
LINE: 502
CODE: $sort_data = array(
LINE: 289
CODE: public function getTotalInformations() {
LINE: 517
CODE: $query = $this->db->query("SELECT COUNT(*) AS total FROM " . DB_PREFIX . "information");
LINE: 520

FILE: admin/view/template/catalog/information_form.twig
CODE: <div class="form-group required">
LINE: 63
CODE: <textarea name="information_description[{{ language.language_id }}][meta_keyword]" rows="5" placeholder="{{ entry_meta_keyword }}" id="input-meta-keyword{{ language.language_id }}" class="form-control">{{ information_description[language.language_id] ? information_description[language.language_id].meta_keyword }}</textarea>
LINE: 96
CODE: <div class="tab-pane" id="tab-data">
LINE: 152
CODE: <script type="text/javascript" src="view/javascript/summernote/opencart.js"></script>
LINE: 545
CODE: <li><a href="#tab-seo" data-toggle="tab">{{ tab_seo }}</a></li>
LINE: 34
CODE: {{ footer }}
LINE: 584
CODE: <div class="tab-pane" id="tab-seo">
LINE: 369

FILE: admin/view/template/catalog/information_list.twig
CODE: <div class="pull-right"><a href="{{ add }}" data-toggle="tooltip" title="{{ button_add }}" class="btn btn-primary"><i class="fa fa-plus"></i></a>
LINE: 4
CODE: <button type="button" data-toggle="tooltip" title="{{ button_delete }}" class="btn btn-danger" onclick="confirm('{{ text_confirm }}') ? $('#form-information').submit() : false;"><i class="fa fa-trash-o"></i></button>
LINE: 9
CODE: <div class="panel panel-default">
LINE: 73
CODE: {{ footer }}
LINE: 182
CODE: <td style="width: 1px;" class="text-center"><input type="checkbox" onclick="$('input[name*=\'selected\']').prop('checked', this.checked);" /></td>
LINE: 86
CODE: <td class="text-left">{{ information.title }}</td>
LINE: 112
CODE: <td class="text-right">{% if sort == 'i.sort_order' %}
LINE: 99
CODE: <td class="text-right">{{ column_action }}</td>
LINE: 111
CODE: <td class="text-right">{{ information.sort_order }}</td>
LINE: 127

FILE: admin/controller/catalog/product.php
CODE: if (isset($this->request->post['points'])) {
LINE: 1168
CODE: foreach ($products as $product_id) {
LINE: 1119
CODE: $related_info = $this->model_catalog_product->getProduct($product_id);
LINE: 1122
CODE: 'product_id' => $related_info['product_id'],
LINE: 1131
CODE: $option_data = array();
LINE: 1324

FILE: admin/model/catalog/product.php
CODE: description = '" . $this->db->escape($value['description']) . "'
LINE: 12
LINE: 151
CODE: 'description'      => $result['description'],
LINE: 447
CODE: public function getProductRelated($product_id) {
LINE: 654
CODE: $this->db->query("INSERT INTO " . DB_PREFIX . "product_to_category SET product_id = '" . (int)$product_id . "', category_id = '" . (int)$category_id . "'");
LINE: 91
LINE: 246
CODE: $product_related_data[] = $result['related_id'];
LINE: 672
CODE: foreach ($data['product_related'] as $related_id) {
LINE: 108
LINE: 274
CODE: $this->db->query("DELETE FROM " . DB_PREFIX . "product_related WHERE product_id = '" . (int)$product_id . "' AND related_id = '" . (int)$related_id . "'");
LINE: 111
LINE: 279
CODE: $this->db->query("INSERT INTO " . DB_PREFIX . "product_related SET product_id = '" . (int)$product_id . "', related_id = '" . (int)$related_id . "'");
LINE: 114
LINE: 284
CODE: $this->db->query("DELETE FROM " . DB_PREFIX . "product_related WHERE product_id = '" . (int)$related_id . "' AND related_id = '" . (int)$product_id . "'");
LINE: 117
LINE: 289
CODE: $this->db->query("INSERT INTO " . DB_PREFIX . "product_related SET product_id = '" . (int)$related_id . "', related_id = '" . (int)$product_id . "'");
LINE: 120
LINE: 294
CODE: if (isset($data['product_reward'])) {
LINE: 135
CODE: if (isset($data['product_reward'])) {
LINE: 322
CODE: $data['product_related'] = $this->getProductRelated($product_id);
LINE: 376
CODE: $this->db->query("DELETE FROM " . DB_PREFIX . "product_related WHERE related_id = '" . (int)$product_id . "'");
LINE: 293
LINE: 405

FILE: admin/view/template/catalog/product_form.twig
CODE: <div class="form-group">
LINE: 71
CODE: <div id="product-category{{ product_category.category_id }}"><i class="fa fa-minus-circle"></i> {{ product_category.name }}
LINE: 400
CODE: <input type="hidden" name="product_category[]" value="{{ product_category.category_id }}"
LINE: 414
CODE: catalog/category/autocomplete&user_token={{ user_token }}
LINE: 1190
CODE: $('#product-category').append('<div id="product-category' + item['value'] + '"><i class="fa fa-minus-circle"></i> ' + item['label'] + '<input type="hidden" name="product_category[]" value="' + item['value'] + '" /></div>');
LINE: 1207
CODE: // Filter
LINE: 1235
CODE: <div id="product-related{{ product_related.product_id }}"><i class="fa fa-minus-circle"></i> {{ product_related.name }}
LINE: 462
CODE: <input type="hidden" name="product_related[]" value="{{ product_related.product_id }}" />
NOT FOUND - OPERATION SKIPPED!
CODE: <input type="hidden" name="product_related[]" value="{{ product_related.product_id }}"/>
LINE: 495
CODE: index.php?route=catalog/product/autocomplete&user_token={{ user_token }}
LINE: 1329
CODE: $('#product-related').append('<div id="product-related' + item['value'] + '"><i class="fa fa-minus-circle"></i> ' + item['label'] + '<input type="hidden" name="product_related[]" value="' + item['value'] + '" /></div>');
LINE: 1346
CODE: $('#product-related').delegate('.fa-minus-circle', 'click', function() {
LINE: 1366
CODE: $('#product-related').delegate('.fa-minus-circle', 'click', function() {
LINE: 1414
CODE: {{ footer }}
LINE: 1803

FILE: admin/model/user/user.php
CODE: public function getTotalUsers() {
LINE: 97

FILE: admin/controller/catalog/review.php
CODE: if (isset($this->request->post['rating'])) {
LINE: 516
CODE: $url = '';
LINE: 35
LINE: 92
LINE: 151
LINE: 239
LINE: 344
LINE: 387
LINE: 480
CODE: protected function getList() {
LINE: 194
CODE: $filter_data = array(
LINE: 297
CODE: 'name'       => $result['name'],
LINE: 315
CODE: $data['sort_product'] = $this->url->link('catalog/review', 'user_token=' . $this->session->data['user_token'] . '&sort=pd.name' . $url, true);
LINE: 389
CODE: $data['filter_product'] = $filter_product;
LINE: 461
CODE: if (isset($this->error['author'])) {
LINE: 498
CODE: if (isset($this->request->post['author'])) {
LINE: 622
CODE: if (!$this->request->post['product_id']) {
LINE: 683
CODE: $this->error['product'] = $this->language->get('error_product');
LINE: 690

FILE: admin/model/catalog/review.php
CODE: product_id = '" . (int)$data['product_id'] . "'
LINE: 3
LINE: 13
CODE: text = '" . $this->db->escape(strip_tags($data['text'])) . "'
LINE: 3
LINE: 13
CODE: AS product
LINE: 25
CODE: if (!empty($data['filter_author'])) {
LINE: 46
CODE: if (!empty($data['filter_author'])) {
LINE: 111
CODE: $sort_data = array(
LINE: 59
CODE: $this->cache->delete('product');
LINE: 7
CODE: $this->cache->delete('product');
LINE: 23
CODE: $this->cache->delete('product');
LINE: 37

FILE: admin/view/template/catalog/review_form.twig
CODE: <label class="col-sm-2 control-label" for="input-product"><span data-toggle="tooltip" title="{{ help_product }}">{{ entry_product }}</span></label>
LINE: 46
CODE: <div class="text-danger">{{ error_product }}</div>
LINE: 54
CODE: <div class="form-group required">
LINE: 73
CODE: $('input[name=\'product\']').autocomplete({
LINE: 179
CODE: <script type="text/javascript"><!--
LINE: 160

FILE: admin/view/template/catalog/review_list.twig
CODE: <div class="pull-right">
LINE: 17
CODE: <label class="control-label" for="input-product">{{ entry_product }}</label>
LINE: 54
CODE: <input type="text" name="filter_product" value="{{ filter_product }}" placeholder="{{ entry_product }}" id="input-product" class="form-control" />
LINE: 58
CODE: <td style="width: 1px;" class="text-center"><input type="checkbox" onclick="$('input[name*=\'selected\']').prop('checked', this.checked);" /></td>
LINE: 184
CODE: <td class="text-left">{% if sort == 'pd.name' %} <a href="{{ sort_product }}" class="{{ order|lower }}">{{ column_product }}</a> {% else %} <a href="{{ sort_product }}">{{ column_product }}</a> {% endif %}</td>
LINE: 188
CODE: <td class="text-left">{{ review.name }}</td>
LINE: 206
CODE: var filter_product = $('input[name=\'filter_product\']').val();
LINE: 254
CODE: var filter_author = $('input[name=\'filter_author\']').val();
LINE: 263

FILE: admin/controller/extension/report/customer_search.php
CODE: 'products'    => $result['products'],
LINE: 149

FILE: admin/model/extension/report/customer.php
CODE: cs.products,
LINE: 299

FILE: admin/view/template/extension/report/customer_search_info.twig
CODE: <td class="text-left">{{ column_products }}</td>
LINE: 55
CODE: <td class="text-left">{{ search.products }}</td>
LINE: 71
CODE: colspan="6"
LINE: 80

FILE: catalog/controller/product/category.php
CODE: utf8_substr(trim(strip_tags(html_entity_decode($result['description']
LINE: 201

FILE: catalog/controller/product/product.php
CODE: 'text'       => nl2br($result['text']),
LINE: 549

FILE: catalog/controller/common/menu.php
CODE: $this->load->model('catalog/product');
LINE: 11
CODE: ($this->config->get('config_product_count') ? ' (' . $this->model_catalog_product->getTotalProducts($filter_data) . ')' : '')
LINE: 31

FILE: catalog/controller/information/sitemap.php
CODE: foreach ($categories_1 as $category_1) {
LINE: 59
CODE: $this->load->model('catalog/information');
LINE: 105
CODE: foreach ($this->model_catalog_information->getInformations() as $result) {
LINE: 114

FILE: catalog/controller/product/search.php
CODE: foreach ($categories_1 as $category_1) {
LINE: 145
CODE: 'products'      => $product_total,
LINE: 437

FILE: catalog/model/account/search.php
CODE: `products` = '" . (int)$data['products'] . "',
LINE: 3

FILE: catalog/controller/extension/module/category.php
CODE: foreach ($categories as $category) {
LINE: 36

FILE: catalog/controller/startup/seo_url.php
CODE: } elseif (isset($this->request->get['path'])) {
LINE: 56

FILE: catalog/view/theme/default/template/information/information.twig
CODE: {{ description }}
LINE: 17
CODE: {{ footer }}
LINE: 315

FILE: catalog/view/theme/default/template/product/product.twig
CODE: {% if tags %}
LINE: 394

FILE: catalog/view/theme/default/template/product/review.twig
CODE: {% endfor %}</td>
LINE: 11

FILE: catalog/view/theme/default/template/information/sitemap.twig
CODE: </ul>
LINE: 85
----------------------------------------------------------------
2021-07-11 21:01:26 - MOD: Modification Default

FILE: system/engine/action.php
REGEX: ~(require|include)(_once)?\(([^)]+)~
LINE: 69

FILE: system/engine/loader.php
REGEX: ~(require|include)(_once)?\(([^)]+)~
LINE: 77
LINE: 151
LINE: 168

FILE: system/library/config.php
REGEX: ~(require|include)(_once)?\(([^)]+)~
LINE: 59

FILE: system/library/language.php
REGEX: ~(require|include)(_once)?\(([^)]+)~
LINE: 67
LINE: 73

FILE: system/library/template/template.php
REGEX: ~(require|include)(_once)?\(([^)]+)~
LINE: 18

FILE: system/library/template/twig.php
CODE: if (is_file($file)) {
LINE: 13
----------------------------------------------------------------
MOD:   OptimBlog

FILE: admin/controller/startup/permission.php
CODE: $extension = array(
LINE: 20

FILE: admin/controller/catalog/category.php
CODE: $data['placeholder'] = $this->model_tool_image->resize('no_image.png', 100, 100);
LINE: 477
CODE: if (isset($this->request->post['category_seo_url'])) {
LINE: 520
CODE: 'filter_name' => $this->request->get['filter_name'],
LINE: 631
CODE: $url = '';
LINE: 31
LINE: 68
LINE: 107
LINE: 144
LINE: 188
LINE: 266
LINE: 286
LINE: 354
CODE: $data['sort_sort_order'] = $this->url->link('catalog/category', 'user_token=' . $this->session->data['user_token'] . '&sort=sort_order' . $url, true);
LINE: 300
CODE: $category_total = $this->model_catalog_category->getTotalCategories();
LINE: 227
CODE: protected function getList() {
LINE: 171
CODE: 'order' => $order,
LINE: 232
CODE: 'sort_order'  => $result['sort_order'],
LINE: 250
CODE: $data['order'] = $order;
LINE: 346
CODE: if (isset($this->request->get['category_id']) && $this->request->post['parent_id']) {
LINE: 656

FILE: admin/model/catalog/category.php
CODE: description = '" . $this->db->escape($value['description']) . "',
LINE: 12
LINE: 72
CODE: 'name'             => $result['name'],
LINE: 271
CODE: date_modified = NOW()
LINE: 3
LINE: 63
CODE: foreach ($data['category_description'] as $language_id => $value) {
LINE: 18
CODE: $this->db->query("DELETE FROM " . DB_PREFIX . "category_description WHERE category_id = '" . (int)$category_id . "'");
LINE: 85
CODE: $this->db->query("DELETE FROM " . DB_PREFIX . "category_description WHERE category_id = '" . (int)$category_id . "'");
LINE: 195
CODE: public function getCategorySeoUrls($category_id) {
LINE: 338
CODE: c1.sort_order
LINE: 237
CODE: $sql .= " GROUP BY cp.category_id";
LINE: 248
CODE: $sort_data = array(
LINE: 253
CODE: getTotalCategories()
LINE: 370
CODE: $query = $this->db->query("SELECT COUNT(*) AS total FROM " . DB_PREFIX . "category");
LINE: 371

FILE: admin/view/template/catalog/category_form.twig
CODE: <div class="form-group">
LINE: 66
CODE: <li><a href="#tab-seo" data-toggle="tab">{{ tab_seo }}</a></li>
LINE: 33
CODE: <div class="tab-pane" id="tab-seo">
LINE: 224
CODE: <label class="col-sm-2 control-label" for="input-status">{{ entry_status }}</label>
LINE: 193
CODE: catalog/category/autocomplete&user_token={{ user_token }}
LINE: 319
CODE: <script type="text/javascript"><!--
LINE: 388
CODE: {{ footer }}
LINE: 413

FILE: admin/view/template/catalog/category_list.twig
CODE: <div class="pull-right"><a href="{{ add }}" data-toggle="tooltip" title="{{ button_add }}" class="btn btn-primary"><i class="fa fa-plus"></i></a> <a href="{{ repair }}" data-toggle="tooltip" title="{{ button_rebuild }}" class="btn btn-default"><i class="fa fa-refresh"></i></a>
LINE: 4
CODE: <td class="text-left">{% if sort %}
NOT FOUND - OPERATION SKIPPED!
CODE: <td class="text-right">{% if sort == 'sort_order' %}
LINE: 70
CODE: <td class="text-right">{{ category.sort_order }}</td>
LINE: 91

FILE: admin/controller/catalog/information.php
CODE: if (isset($this->request->post['bottom'])) {
LINE: 387
CODE: if (isset($this->request->post['information_seo_url'])) {
LINE: 641
CODE: protected function validateForm() {
LINE: 719
CODE: protected function getList() {
LINE: 147
CODE: protected function getList() {
LINE: 166
CODE: $url = '';
LINE: 39
LINE: 84
LINE: 131
LINE: 179
LINE: 250
LINE: 334
LINE: 362
LINE: 438
CODE: $data['delete'] = $this->url->link('catalog/information/delete', 'user_token=' . $this->session->data['user_token'] . $url, true);
LINE: 280
CODE: 'start' => ($page - 1) * $this->config->get('config_limit_admin'),
LINE: 292
CODE: $information_total = $this->model_catalog_information->getTotalInformations();
LINE: 296
CODE: $data['informations'][] = array(
LINE: 314
CODE: $data['informations'][] = array(
LINE: 319
CODE: $data['sort_sort_order'] = $this->url->link('catalog/information', 'user_token=' . $this->session->data['user_token'] . '&sort=i.sort_order' . $url, true);
LINE: 377
CODE: $data['sort'] = $sort;
LINE: 417

FILE: admin/model/catalog/information.php
CODE: description = '" . $this->db->escape($value['description']) . "'
LINE: 8
LINE: 45
CODE: 'id.title',
LINE: 104
CODE: 'title'            => $result['title'],
LINE: 162
CODE: status = '" . (int)$data['status'] . "'
LINE: 3
CODE: status = '" . (int)$data['status'] . "'
LINE: 40
CODE: // SEO URL
LINE: 80
CODE: $this->db->query("DELETE FROM " . DB_PREFIX . "seo_url WHERE query = 'information_id=" . (int)$information_id . "'");
LINE: 193
CODE: " . DB_PREFIX . "information WHERE information_id = '" . (int)$information_id . "'
LINE: 227
CODE: public function deleteInformation($information_id) {
LINE: 243
CODE: $this->db->query("DELETE FROM `" . DB_PREFIX . "seo_url` WHERE query = 'information_id=" . (int)$information_id . "'");
LINE: 259
CODE: public function getTotalInformations() {
LINE: 502
CODE: $sort_data = array(
LINE: 289
CODE: public function getTotalInformations() {
LINE: 517
CODE: $query = $this->db->query("SELECT COUNT(*) AS total FROM " . DB_PREFIX . "information");
LINE: 520

FILE: admin/view/template/catalog/information_form.twig
CODE: <div class="form-group required">
LINE: 63
CODE: <textarea name="information_description[{{ language.language_id }}][meta_keyword]" rows="5" placeholder="{{ entry_meta_keyword }}" id="input-meta-keyword{{ language.language_id }}" class="form-control">{{ information_description[language.language_id] ? information_description[language.language_id].meta_keyword }}</textarea>
LINE: 96
CODE: <div class="tab-pane" id="tab-data">
LINE: 152
CODE: <script type="text/javascript" src="view/javascript/summernote/opencart.js"></script>
LINE: 545
CODE: <li><a href="#tab-seo" data-toggle="tab">{{ tab_seo }}</a></li>
LINE: 34
CODE: {{ footer }}
LINE: 584
CODE: <div class="tab-pane" id="tab-seo">
LINE: 369

FILE: admin/view/template/catalog/information_list.twig
CODE: <div class="pull-right"><a href="{{ add }}" data-toggle="tooltip" title="{{ button_add }}" class="btn btn-primary"><i class="fa fa-plus"></i></a>
LINE: 4
CODE: <button type="button" data-toggle="tooltip" title="{{ button_delete }}" class="btn btn-danger" onclick="confirm('{{ text_confirm }}') ? $('#form-information').submit() : false;"><i class="fa fa-trash-o"></i></button>
LINE: 9
CODE: <div class="panel panel-default">
LINE: 73
CODE: {{ footer }}
LINE: 182
CODE: <td style="width: 1px;" class="text-center"><input type="checkbox" onclick="$('input[name*=\'selected\']').prop('checked', this.checked);" /></td>
LINE: 86
CODE: <td class="text-left">{{ information.title }}</td>
LINE: 112
CODE: <td class="text-right">{% if sort == 'i.sort_order' %}
LINE: 99
CODE: <td class="text-right">{{ column_action }}</td>
LINE: 111
CODE: <td class="text-right">{{ information.sort_order }}</td>
LINE: 127

FILE: admin/controller/catalog/product.php
CODE: if (isset($this->request->post['points'])) {
LINE: 1168
CODE: foreach ($products as $product_id) {
LINE: 1119
CODE: $related_info = $this->model_catalog_product->getProduct($product_id);
LINE: 1122
CODE: 'product_id' => $related_info['product_id'],
LINE: 1131
CODE: $option_data = array();
LINE: 1324

FILE: admin/model/catalog/product.php
CODE: description = '" . $this->db->escape($value['description']) . "'
LINE: 12
LINE: 151
CODE: 'description'      => $result['description'],
LINE: 447
CODE: public function getProductRelated($product_id) {
LINE: 654
CODE: $this->db->query("INSERT INTO " . DB_PREFIX . "product_to_category SET product_id = '" . (int)$product_id . "', category_id = '" . (int)$category_id . "'");
LINE: 91
LINE: 246
CODE: $product_related_data[] = $result['related_id'];
LINE: 672
CODE: foreach ($data['product_related'] as $related_id) {
LINE: 108
LINE: 274
CODE: $this->db->query("DELETE FROM " . DB_PREFIX . "product_related WHERE product_id = '" . (int)$product_id . "' AND related_id = '" . (int)$related_id . "'");
LINE: 111
LINE: 279
CODE: $this->db->query("INSERT INTO " . DB_PREFIX . "product_related SET product_id = '" . (int)$product_id . "', related_id = '" . (int)$related_id . "'");
LINE: 114
LINE: 284
CODE: $this->db->query("DELETE FROM " . DB_PREFIX . "product_related WHERE product_id = '" . (int)$related_id . "' AND related_id = '" . (int)$product_id . "'");
LINE: 117
LINE: 289
CODE: $this->db->query("INSERT INTO " . DB_PREFIX . "product_related SET product_id = '" . (int)$related_id . "', related_id = '" . (int)$product_id . "'");
LINE: 120
LINE: 294
CODE: if (isset($data['product_reward'])) {
LINE: 135
CODE: if (isset($data['product_reward'])) {
LINE: 322
CODE: $data['product_related'] = $this->getProductRelated($product_id);
LINE: 376
CODE: $this->db->query("DELETE FROM " . DB_PREFIX . "product_related WHERE related_id = '" . (int)$product_id . "'");
LINE: 293
LINE: 405

FILE: admin/view/template/catalog/product_form.twig
CODE: <div class="form-group">
LINE: 71
CODE: <div id="product-category{{ product_category.category_id }}"><i class="fa fa-minus-circle"></i> {{ product_category.name }}
LINE: 400
CODE: <input type="hidden" name="product_category[]" value="{{ product_category.category_id }}"
LINE: 414
CODE: catalog/category/autocomplete&user_token={{ user_token }}
LINE: 1190
CODE: $('#product-category').append('<div id="product-category' + item['value'] + '"><i class="fa fa-minus-circle"></i> ' + item['label'] + '<input type="hidden" name="product_category[]" value="' + item['value'] + '" /></div>');
LINE: 1207
CODE: // Filter
LINE: 1235
CODE: <div id="product-related{{ product_related.product_id }}"><i class="fa fa-minus-circle"></i> {{ product_related.name }}
LINE: 462
CODE: <input type="hidden" name="product_related[]" value="{{ product_related.product_id }}" />
NOT FOUND - OPERATION SKIPPED!
CODE: <input type="hidden" name="product_related[]" value="{{ product_related.product_id }}"/>
LINE: 495
CODE: index.php?route=catalog/product/autocomplete&user_token={{ user_token }}
LINE: 1329
CODE: $('#product-related').append('<div id="product-related' + item['value'] + '"><i class="fa fa-minus-circle"></i> ' + item['label'] + '<input type="hidden" name="product_related[]" value="' + item['value'] + '" /></div>');
LINE: 1346
CODE: $('#product-related').delegate('.fa-minus-circle', 'click', function() {
LINE: 1366
CODE: $('#product-related').delegate('.fa-minus-circle', 'click', function() {
LINE: 1414
CODE: {{ footer }}
LINE: 1803

FILE: admin/model/user/user.php
CODE: public function getTotalUsers() {
LINE: 97

FILE: admin/controller/catalog/review.php
CODE: if (isset($this->request->post['rating'])) {
LINE: 516
CODE: $url = '';
LINE: 35
LINE: 92
LINE: 151
LINE: 239
LINE: 344
LINE: 387
LINE: 480
CODE: protected function getList() {
LINE: 194
CODE: $filter_data = array(
LINE: 297
CODE: 'name'       => $result['name'],
LINE: 315
CODE: $data['sort_product'] = $this->url->link('catalog/review', 'user_token=' . $this->session->data['user_token'] . '&sort=pd.name' . $url, true);
LINE: 389
CODE: $data['filter_product'] = $filter_product;
LINE: 461
CODE: if (isset($this->error['author'])) {
LINE: 498
CODE: if (isset($this->request->post['author'])) {
LINE: 622
CODE: if (!$this->request->post['product_id']) {
LINE: 683
CODE: $this->error['product'] = $this->language->get('error_product');
LINE: 690

FILE: admin/model/catalog/review.php
CODE: product_id = '" . (int)$data['product_id'] . "'
LINE: 3
LINE: 13
CODE: text = '" . $this->db->escape(strip_tags($data['text'])) . "'
LINE: 3
LINE: 13
CODE: AS product
LINE: 25
CODE: if (!empty($data['filter_author'])) {
LINE: 46
CODE: if (!empty($data['filter_author'])) {
LINE: 111
CODE: $sort_data = array(
LINE: 59
CODE: $this->cache->delete('product');
LINE: 7
CODE: $this->cache->delete('product');
LINE: 23
CODE: $this->cache->delete('product');
LINE: 37

FILE: admin/view/template/catalog/review_form.twig
CODE: <label class="col-sm-2 control-label" for="input-product"><span data-toggle="tooltip" title="{{ help_product }}">{{ entry_product }}</span></label>
LINE: 46
CODE: <div class="text-danger">{{ error_product }}</div>
LINE: 54
CODE: <div class="form-group required">
LINE: 73
CODE: $('input[name=\'product\']').autocomplete({
LINE: 179
CODE: <script type="text/javascript"><!--
LINE: 160

FILE: admin/view/template/catalog/review_list.twig
CODE: <div class="pull-right">
LINE: 17
CODE: <label class="control-label" for="input-product">{{ entry_product }}</label>
LINE: 54
CODE: <input type="text" name="filter_product" value="{{ filter_product }}" placeholder="{{ entry_product }}" id="input-product" class="form-control" />
LINE: 58
CODE: <td style="width: 1px;" class="text-center"><input type="checkbox" onclick="$('input[name*=\'selected\']').prop('checked', this.checked);" /></td>
LINE: 184
CODE: <td class="text-left">{% if sort == 'pd.name' %} <a href="{{ sort_product }}" class="{{ order|lower }}">{{ column_product }}</a> {% else %} <a href="{{ sort_product }}">{{ column_product }}</a> {% endif %}</td>
LINE: 188
CODE: <td class="text-left">{{ review.name }}</td>
LINE: 206
CODE: var filter_product = $('input[name=\'filter_product\']').val();
LINE: 254
CODE: var filter_author = $('input[name=\'filter_author\']').val();
LINE: 263

FILE: admin/controller/extension/report/customer_search.php
CODE: 'products'    => $result['products'],
LINE: 149

FILE: admin/model/extension/report/customer.php
CODE: cs.products,
LINE: 299

FILE: admin/view/template/extension/report/customer_search_info.twig
CODE: <td class="text-left">{{ column_products }}</td>
LINE: 55
CODE: <td class="text-left">{{ search.products }}</td>
LINE: 71
CODE: colspan="6"
LINE: 80

FILE: catalog/controller/product/category.php
CODE: utf8_substr(trim(strip_tags(html_entity_decode($result['description']
LINE: 201

FILE: catalog/controller/product/product.php
CODE: 'text'       => nl2br($result['text']),
LINE: 549

FILE: catalog/controller/common/menu.php
CODE: $this->load->model('catalog/product');
LINE: 11
CODE: ($this->config->get('config_product_count') ? ' (' . $this->model_catalog_product->getTotalProducts($filter_data) . ')' : '')
LINE: 31

FILE: catalog/controller/information/sitemap.php
CODE: foreach ($categories_1 as $category_1) {
LINE: 59
CODE: $this->load->model('catalog/information');
LINE: 105
CODE: foreach ($this->model_catalog_information->getInformations() as $result) {
LINE: 114

FILE: catalog/controller/product/search.php
CODE: foreach ($categories_1 as $category_1) {
LINE: 145
CODE: 'products'      => $product_total,
LINE: 437

FILE: catalog/model/account/search.php
CODE: `products` = '" . (int)$data['products'] . "',
LINE: 3

FILE: catalog/controller/extension/module/category.php
CODE: foreach ($categories as $category) {
LINE: 36

FILE: catalog/controller/startup/seo_url.php
CODE: } elseif (isset($this->request->get['path'])) {
LINE: 56

FILE: catalog/view/theme/default/template/information/information.twig
CODE: {{ description }}
LINE: 17
CODE: {{ footer }}
LINE: 315

FILE: catalog/view/theme/default/template/product/product.twig
CODE: {% if tags %}
LINE: 394

FILE: catalog/view/theme/default/template/product/review.twig
CODE: {% endfor %}</td>
LINE: 11

FILE: catalog/view/theme/default/template/information/sitemap.twig
CODE: </ul>
LINE: 85
----------------------------------------------------------------
2021-07-11 23:09:31 - MOD: Modification Default

FILE: system/engine/action.php
REGEX: ~(require|include)(_once)?\(([^)]+)~
LINE: 69

FILE: system/engine/loader.php
REGEX: ~(require|include)(_once)?\(([^)]+)~
LINE: 77
LINE: 151
LINE: 168

FILE: system/library/config.php
REGEX: ~(require|include)(_once)?\(([^)]+)~
LINE: 59

FILE: system/library/language.php
REGEX: ~(require|include)(_once)?\(([^)]+)~
LINE: 67
LINE: 73

FILE: system/library/template/template.php
REGEX: ~(require|include)(_once)?\(([^)]+)~
LINE: 18

FILE: system/library/template/twig.php
CODE: if (is_file($file)) {
LINE: 13
----------------------------------------------------------------
MOD:   OptimBlog

FILE: admin/controller/startup/permission.php
CODE: $extension = array(
LINE: 20

FILE: admin/controller/catalog/category.php
CODE: $data['placeholder'] = $this->model_tool_image->resize('no_image.png', 100, 100);
LINE: 477
CODE: if (isset($this->request->post['category_seo_url'])) {
LINE: 520
CODE: 'filter_name' => $this->request->get['filter_name'],
LINE: 631
CODE: $url = '';
LINE: 31
LINE: 68
LINE: 107
LINE: 144
LINE: 188
LINE: 266
LINE: 286
LINE: 354
CODE: $data['sort_sort_order'] = $this->url->link('catalog/category', 'user_token=' . $this->session->data['user_token'] . '&sort=sort_order' . $url, true);
LINE: 300
CODE: $category_total = $this->model_catalog_category->getTotalCategories();
LINE: 227
CODE: protected function getList() {
LINE: 171
CODE: 'order' => $order,
LINE: 232
CODE: 'sort_order'  => $result['sort_order'],
LINE: 250
CODE: $data['order'] = $order;
LINE: 346
CODE: if (isset($this->request->get['category_id']) && $this->request->post['parent_id']) {
LINE: 656

FILE: admin/model/catalog/category.php
CODE: description = '" . $this->db->escape($value['description']) . "',
LINE: 12
LINE: 72
CODE: 'name'             => $result['name'],
LINE: 271
CODE: date_modified = NOW()
LINE: 3
LINE: 63
CODE: foreach ($data['category_description'] as $language_id => $value) {
LINE: 18
CODE: $this->db->query("DELETE FROM " . DB_PREFIX . "category_description WHERE category_id = '" . (int)$category_id . "'");
LINE: 85
CODE: $this->db->query("DELETE FROM " . DB_PREFIX . "category_description WHERE category_id = '" . (int)$category_id . "'");
LINE: 195
CODE: public function getCategorySeoUrls($category_id) {
LINE: 338
CODE: c1.sort_order
LINE: 237
CODE: $sql .= " GROUP BY cp.category_id";
LINE: 248
CODE: $sort_data = array(
LINE: 253
CODE: getTotalCategories()
LINE: 370
CODE: $query = $this->db->query("SELECT COUNT(*) AS total FROM " . DB_PREFIX . "category");
LINE: 371

FILE: admin/view/template/catalog/category_form.twig
CODE: <div class="form-group">
LINE: 66
CODE: <li><a href="#tab-seo" data-toggle="tab">{{ tab_seo }}</a></li>
LINE: 33
CODE: <div class="tab-pane" id="tab-seo">
LINE: 224
CODE: <label class="col-sm-2 control-label" for="input-status">{{ entry_status }}</label>
LINE: 193
CODE: catalog/category/autocomplete&user_token={{ user_token }}
LINE: 319
CODE: <script type="text/javascript"><!--
LINE: 388
CODE: {{ footer }}
LINE: 413

FILE: admin/view/template/catalog/category_list.twig
CODE: <div class="pull-right"><a href="{{ add }}" data-toggle="tooltip" title="{{ button_add }}" class="btn btn-primary"><i class="fa fa-plus"></i></a> <a href="{{ repair }}" data-toggle="tooltip" title="{{ button_rebuild }}" class="btn btn-default"><i class="fa fa-refresh"></i></a>
LINE: 4
CODE: <td class="text-left">{% if sort %}
NOT FOUND - OPERATION SKIPPED!
CODE: <td class="text-right">{% if sort == 'sort_order' %}
LINE: 70
CODE: <td class="text-right">{{ category.sort_order }}</td>
LINE: 91

FILE: admin/controller/catalog/information.php
CODE: if (isset($this->request->post['bottom'])) {
LINE: 387
CODE: if (isset($this->request->post['information_seo_url'])) {
LINE: 641
CODE: protected function validateForm() {
LINE: 719
CODE: protected function getList() {
LINE: 147
CODE: protected function getList() {
LINE: 166
CODE: $url = '';
LINE: 39
LINE: 84
LINE: 131
LINE: 179
LINE: 250
LINE: 334
LINE: 362
LINE: 438
CODE: $data['delete'] = $this->url->link('catalog/information/delete', 'user_token=' . $this->session->data['user_token'] . $url, true);
LINE: 280
CODE: 'start' => ($page - 1) * $this->config->get('config_limit_admin'),
LINE: 292
CODE: $information_total = $this->model_catalog_information->getTotalInformations();
LINE: 296
CODE: $data['informations'][] = array(
LINE: 314
CODE: $data['informations'][] = array(
LINE: 319
CODE: $data['sort_sort_order'] = $this->url->link('catalog/information', 'user_token=' . $this->session->data['user_token'] . '&sort=i.sort_order' . $url, true);
LINE: 377
CODE: $data['sort'] = $sort;
LINE: 417

FILE: admin/model/catalog/information.php
CODE: description = '" . $this->db->escape($value['description']) . "'
LINE: 8
LINE: 45
CODE: 'id.title',
LINE: 104
CODE: 'title'            => $result['title'],
LINE: 162
CODE: status = '" . (int)$data['status'] . "'
LINE: 3
CODE: status = '" . (int)$data['status'] . "'
LINE: 40
CODE: // SEO URL
LINE: 80
CODE: $this->db->query("DELETE FROM " . DB_PREFIX . "seo_url WHERE query = 'information_id=" . (int)$information_id . "'");
LINE: 193
CODE: " . DB_PREFIX . "information WHERE information_id = '" . (int)$information_id . "'
LINE: 227
CODE: public function deleteInformation($information_id) {
LINE: 243
CODE: $this->db->query("DELETE FROM `" . DB_PREFIX . "seo_url` WHERE query = 'information_id=" . (int)$information_id . "'");
LINE: 259
CODE: public function getTotalInformations() {
LINE: 502
CODE: $sort_data = array(
LINE: 289
CODE: public function getTotalInformations() {
LINE: 517
CODE: $query = $this->db->query("SELECT COUNT(*) AS total FROM " . DB_PREFIX . "information");
LINE: 520

FILE: admin/view/template/catalog/information_form.twig
CODE: <div class="form-group required">
LINE: 63
CODE: <textarea name="information_description[{{ language.language_id }}][meta_keyword]" rows="5" placeholder="{{ entry_meta_keyword }}" id="input-meta-keyword{{ language.language_id }}" class="form-control">{{ information_description[language.language_id] ? information_description[language.language_id].meta_keyword }}</textarea>
LINE: 96
CODE: <div class="tab-pane" id="tab-data">
LINE: 152
CODE: <script type="text/javascript" src="view/javascript/summernote/opencart.js"></script>
LINE: 545
CODE: <li><a href="#tab-seo" data-toggle="tab">{{ tab_seo }}</a></li>
LINE: 34
CODE: {{ footer }}
LINE: 584
CODE: <div class="tab-pane" id="tab-seo">
LINE: 369

FILE: admin/view/template/catalog/information_list.twig
CODE: <div class="pull-right"><a href="{{ add }}" data-toggle="tooltip" title="{{ button_add }}" class="btn btn-primary"><i class="fa fa-plus"></i></a>
LINE: 4
CODE: <button type="button" data-toggle="tooltip" title="{{ button_delete }}" class="btn btn-danger" onclick="confirm('{{ text_confirm }}') ? $('#form-information').submit() : false;"><i class="fa fa-trash-o"></i></button>
LINE: 9
CODE: <div class="panel panel-default">
LINE: 73
CODE: {{ footer }}
LINE: 182
CODE: <td style="width: 1px;" class="text-center"><input type="checkbox" onclick="$('input[name*=\'selected\']').prop('checked', this.checked);" /></td>
LINE: 86
CODE: <td class="text-left">{{ information.title }}</td>
LINE: 112
CODE: <td class="text-right">{% if sort == 'i.sort_order' %}
LINE: 99
CODE: <td class="text-right">{{ column_action }}</td>
LINE: 111
CODE: <td class="text-right">{{ information.sort_order }}</td>
LINE: 127

FILE: admin/controller/catalog/product.php
CODE: if (isset($this->request->post['points'])) {
LINE: 1168
CODE: foreach ($products as $product_id) {
LINE: 1119
CODE: $related_info = $this->model_catalog_product->getProduct($product_id);
LINE: 1122
CODE: 'product_id' => $related_info['product_id'],
LINE: 1131
CODE: $option_data = array();
LINE: 1324

FILE: admin/model/catalog/product.php
CODE: description = '" . $this->db->escape($value['description']) . "'
LINE: 12
LINE: 151
CODE: 'description'      => $result['description'],
LINE: 447
CODE: public function getProductRelated($product_id) {
LINE: 654
CODE: $this->db->query("INSERT INTO " . DB_PREFIX . "product_to_category SET product_id = '" . (int)$product_id . "', category_id = '" . (int)$category_id . "'");
LINE: 91
LINE: 246
CODE: $product_related_data[] = $result['related_id'];
LINE: 672
CODE: foreach ($data['product_related'] as $related_id) {
LINE: 108
LINE: 274
CODE: $this->db->query("DELETE FROM " . DB_PREFIX . "product_related WHERE product_id = '" . (int)$product_id . "' AND related_id = '" . (int)$related_id . "'");
LINE: 111
LINE: 279
CODE: $this->db->query("INSERT INTO " . DB_PREFIX . "product_related SET product_id = '" . (int)$product_id . "', related_id = '" . (int)$related_id . "'");
LINE: 114
LINE: 284
CODE: $this->db->query("DELETE FROM " . DB_PREFIX . "product_related WHERE product_id = '" . (int)$related_id . "' AND related_id = '" . (int)$product_id . "'");
LINE: 117
LINE: 289
CODE: $this->db->query("INSERT INTO " . DB_PREFIX . "product_related SET product_id = '" . (int)$related_id . "', related_id = '" . (int)$product_id . "'");
LINE: 120
LINE: 294
CODE: if (isset($data['product_reward'])) {
LINE: 135
CODE: if (isset($data['product_reward'])) {
LINE: 322
CODE: $data['product_related'] = $this->getProductRelated($product_id);
LINE: 376
CODE: $this->db->query("DELETE FROM " . DB_PREFIX . "product_related WHERE related_id = '" . (int)$product_id . "'");
LINE: 293
LINE: 405

FILE: admin/view/template/catalog/product_form.twig
CODE: <div class="form-group">
LINE: 71
CODE: <div id="product-category{{ product_category.category_id }}"><i class="fa fa-minus-circle"></i> {{ product_category.name }}
LINE: 400
CODE: <input type="hidden" name="product_category[]" value="{{ product_category.category_id }}"
LINE: 414
CODE: catalog/category/autocomplete&user_token={{ user_token }}
LINE: 1190
CODE: $('#product-category').append('<div id="product-category' + item['value'] + '"><i class="fa fa-minus-circle"></i> ' + item['label'] + '<input type="hidden" name="product_category[]" value="' + item['value'] + '" /></div>');
LINE: 1207
CODE: // Filter
LINE: 1235
CODE: <div id="product-related{{ product_related.product_id }}"><i class="fa fa-minus-circle"></i> {{ product_related.name }}
LINE: 462
CODE: <input type="hidden" name="product_related[]" value="{{ product_related.product_id }}" />
NOT FOUND - OPERATION SKIPPED!
CODE: <input type="hidden" name="product_related[]" value="{{ product_related.product_id }}"/>
LINE: 495
CODE: index.php?route=catalog/product/autocomplete&user_token={{ user_token }}
LINE: 1329
CODE: $('#product-related').append('<div id="product-related' + item['value'] + '"><i class="fa fa-minus-circle"></i> ' + item['label'] + '<input type="hidden" name="product_related[]" value="' + item['value'] + '" /></div>');
LINE: 1346
CODE: $('#product-related').delegate('.fa-minus-circle', 'click', function() {
LINE: 1366
CODE: $('#product-related').delegate('.fa-minus-circle', 'click', function() {
LINE: 1414
CODE: {{ footer }}
LINE: 1803

FILE: admin/model/user/user.php
CODE: public function getTotalUsers() {
LINE: 97

FILE: admin/controller/catalog/review.php
CODE: if (isset($this->request->post['rating'])) {
LINE: 516
CODE: $url = '';
LINE: 35
LINE: 92
LINE: 151
LINE: 239
LINE: 344
LINE: 387
LINE: 480
CODE: protected function getList() {
LINE: 194
CODE: $filter_data = array(
LINE: 297
CODE: 'name'       => $result['name'],
LINE: 315
CODE: $data['sort_product'] = $this->url->link('catalog/review', 'user_token=' . $this->session->data['user_token'] . '&sort=pd.name' . $url, true);
LINE: 389
CODE: $data['filter_product'] = $filter_product;
LINE: 461
CODE: if (isset($this->error['author'])) {
LINE: 498
CODE: if (isset($this->request->post['author'])) {
LINE: 622
CODE: if (!$this->request->post['product_id']) {
LINE: 683
CODE: $this->error['product'] = $this->language->get('error_product');
LINE: 690

FILE: admin/model/catalog/review.php
CODE: product_id = '" . (int)$data['product_id'] . "'
LINE: 3
LINE: 13
CODE: text = '" . $this->db->escape(strip_tags($data['text'])) . "'
LINE: 3
LINE: 13
CODE: AS product
LINE: 25
CODE: if (!empty($data['filter_author'])) {
LINE: 46
CODE: if (!empty($data['filter_author'])) {
LINE: 111
CODE: $sort_data = array(
LINE: 59
CODE: $this->cache->delete('product');
LINE: 7
CODE: $this->cache->delete('product');
LINE: 23
CODE: $this->cache->delete('product');
LINE: 37

FILE: admin/view/template/catalog/review_form.twig
CODE: <label class="col-sm-2 control-label" for="input-product"><span data-toggle="tooltip" title="{{ help_product }}">{{ entry_product }}</span></label>
LINE: 46
CODE: <div class="text-danger">{{ error_product }}</div>
LINE: 54
CODE: <div class="form-group required">
LINE: 73
CODE: $('input[name=\'product\']').autocomplete({
LINE: 179
CODE: <script type="text/javascript"><!--
LINE: 160

FILE: admin/view/template/catalog/review_list.twig
CODE: <div class="pull-right">
LINE: 17
CODE: <label class="control-label" for="input-product">{{ entry_product }}</label>
LINE: 54
CODE: <input type="text" name="filter_product" value="{{ filter_product }}" placeholder="{{ entry_product }}" id="input-product" class="form-control" />
LINE: 58
CODE: <td style="width: 1px;" class="text-center"><input type="checkbox" onclick="$('input[name*=\'selected\']').prop('checked', this.checked);" /></td>
LINE: 184
CODE: <td class="text-left">{% if sort == 'pd.name' %} <a href="{{ sort_product }}" class="{{ order|lower }}">{{ column_product }}</a> {% else %} <a href="{{ sort_product }}">{{ column_product }}</a> {% endif %}</td>
LINE: 188
CODE: <td class="text-left">{{ review.name }}</td>
LINE: 206
CODE: var filter_product = $('input[name=\'filter_product\']').val();
LINE: 254
CODE: var filter_author = $('input[name=\'filter_author\']').val();
LINE: 263

FILE: admin/controller/extension/report/customer_search.php
CODE: 'products'    => $result['products'],
LINE: 149

FILE: admin/model/extension/report/customer.php
CODE: cs.products,
LINE: 299

FILE: admin/view/template/extension/report/customer_search_info.twig
CODE: <td class="text-left">{{ column_products }}</td>
LINE: 55
CODE: <td class="text-left">{{ search.products }}</td>
LINE: 71
CODE: colspan="6"
LINE: 80

FILE: catalog/controller/product/category.php
CODE: utf8_substr(trim(strip_tags(html_entity_decode($result['description']
LINE: 201

FILE: catalog/controller/product/product.php
CODE: 'text'       => nl2br($result['text']),
LINE: 549

FILE: catalog/controller/common/menu.php
CODE: $this->load->model('catalog/product');
LINE: 11
CODE: ($this->config->get('config_product_count') ? ' (' . $this->model_catalog_product->getTotalProducts($filter_data) . ')' : '')
LINE: 31

FILE: catalog/controller/information/sitemap.php
CODE: foreach ($categories_1 as $category_1) {
LINE: 59
CODE: $this->load->model('catalog/information');
LINE: 105
CODE: foreach ($this->model_catalog_information->getInformations() as $result) {
LINE: 114

FILE: catalog/controller/product/search.php
CODE: foreach ($categories_1 as $category_1) {
LINE: 145
CODE: 'products'      => $product_total,
LINE: 437

FILE: catalog/model/account/search.php
CODE: `products` = '" . (int)$data['products'] . "',
LINE: 3

FILE: catalog/controller/extension/module/category.php
CODE: foreach ($categories as $category) {
LINE: 36

FILE: catalog/controller/startup/seo_url.php
CODE: } elseif (isset($this->request->get['path'])) {
LINE: 56

FILE: catalog/view/theme/default/template/information/information.twig
CODE: {{ description }}
LINE: 17
CODE: {{ footer }}
LINE: 315

FILE: catalog/view/theme/default/template/product/product.twig
CODE: {% if tags %}
LINE: 394

FILE: catalog/view/theme/default/template/product/review.twig
CODE: {% endfor %}</td>
LINE: 11

FILE: catalog/view/theme/default/template/information/sitemap.twig
CODE: </ul>
LINE: 85
----------------------------------------------------------------
